Analysis & Synthesis report for fir_filter
Fri Apr 17 10:59:22 2026
Quartus Prime Version 25.1std.0 Build 1129 10/21/2025 SC Lite Edition


---------------------
; Table of Contents ;
---------------------
  1. Legal Notice
  2. Analysis & Synthesis Summary
  3. Analysis & Synthesis Settings
  4. Parallel Compilation
  5. Analysis & Synthesis Source Files Read
  6. Analysis & Synthesis Resource Usage Summary
  7. Analysis & Synthesis Resource Utilization by Entity
  8. Analysis & Synthesis DSP Block Usage Summary
  9. General Register Statistics
 10. Parameter Settings for User Entity Instance: LPM_MULT:fir_mult_xn
 11. Parameter Settings for User Entity Instance: LPM_MULT:fir_mult_xn1
 12. Parameter Settings for User Entity Instance: LPM_MULT:fir_mult_xn2
 13. Parameter Settings for User Entity Instance: LPM_MULT:fir_mult_xn3
 14. Parameter Settings for User Entity Instance: LPM_FF:fir_mult_xn_reg
 15. Parameter Settings for User Entity Instance: LPM_FF:fir_mult_xn1_reg
 16. Parameter Settings for User Entity Instance: LPM_FF:fir_mult_xn2_reg
 17. Parameter Settings for User Entity Instance: LPM_FF:fir_mult_xn3_reg
 18. Parameter Settings for User Entity Instance: LPM_ADD_SUB:fir_adder_n32
 19. Parameter Settings for User Entity Instance: LPM_ADD_SUB:fir_adder_n10
 20. Parameter Settings for User Entity Instance: LPM_FF:fir_adder_n32_reg
 21. Parameter Settings for User Entity Instance: LPM_FF:fir_adder_n10_reg
 22. Parameter Settings for User Entity Instance: LPM_ADD_SUB:fir_adder
 23. Parameter Settings for User Entity Instance: LPM_FF:fir_result_reg
 24. lpm_mult Parameter Settings by Entity Instance
 25. Post-Synthesis Netlist Statistics for Top Partition
 26. Elapsed Time Per Partition
 27. Analysis & Synthesis Messages



----------------
; Legal Notice ;
----------------
Copyright (C) 2025  Altera Corporation. All rights reserved.
Your use of Altera Corporation's design tools, logic functions 
and other software and tools, and any partner logic 
functions, and any output files from any of the foregoing 
(including device programming or simulation files), and any 
associated documentation or information are expressly subject 
to the terms and conditions of the Altera Program License 
Subscription Agreement, the Altera Quartus Prime License Agreement,
the Altera IP License Agreement, or other applicable license
agreement, including, without limitation, that your use is for
the sole purpose of programming logic devices manufactured by
Altera and sold by Altera or its authorized distributors.  Please
refer to the Altera Software License Subscription Agreements 
on the Quartus Prime software download page.



+--------------------------------------------------------------------------------------+
; Analysis & Synthesis Summary                                                         ;
+------------------------------------+-------------------------------------------------+
; Analysis & Synthesis Status        ; Successful - Fri Apr 17 10:59:22 2026           ;
; Quartus Prime Version              ; 25.1std.0 Build 1129 10/21/2025 SC Lite Edition ;
; Revision Name                      ; fir_filter                                      ;
; Top-level Entity Name              ; fir_filter                                      ;
; Family                             ; Cyclone IV E                                    ;
; Total logic elements               ; 144                                             ;
;     Total combinational functions  ; 48                                              ;
;     Dedicated logic registers      ; 144                                             ;
; Total registers                    ; 144                                             ;
; Total pins                         ; 26                                              ;
; Total virtual pins                 ; 0                                               ;
; Total memory bits                  ; 0                                               ;
; Embedded Multiplier 9-bit elements ; 4                                               ;
; Total PLLs                         ; 0                                               ;
+------------------------------------+-------------------------------------------------+


+------------------------------------------------------------------------------------------------------------+
; Analysis & Synthesis Settings                                                                              ;
+------------------------------------------------------------------+--------------------+--------------------+
; Option                                                           ; Setting            ; Default Value      ;
+------------------------------------------------------------------+--------------------+--------------------+
; Device                                                           ; EP4CE115F29C7      ;                    ;
; Top-level entity name                                            ; fir_filter         ; fir_filter         ;
; Family name                                                      ; Cyclone IV E       ; Cyclone V          ;
; Use smart compilation                                            ; Off                ; Off                ;
; Enable parallel Assembler and Timing Analyzer during compilation ; On                 ; On                 ;
; Enable compact report table                                      ; Off                ; Off                ;
; Restructure Multiplexers                                         ; Auto               ; Auto               ;
; Create Debugging Nodes for IP Cores                              ; Off                ; Off                ;
; Preserve fewer node names                                        ; On                 ; On                 ;
; Intel FPGA IP Evaluation Mode                                    ; Enable             ; Enable             ;
; Verilog Version                                                  ; Verilog_2001       ; Verilog_2001       ;
; VHDL Version                                                     ; VHDL_1993          ; VHDL_1993          ;
; State Machine Processing                                         ; Auto               ; Auto               ;
; Safe State Machine                                               ; Off                ; Off                ;
; Extract Verilog State Machines                                   ; On                 ; On                 ;
; Extract VHDL State Machines                                      ; On                 ; On                 ;
; Ignore Verilog initial constructs                                ; Off                ; Off                ;
; Iteration limit for constant Verilog loops                       ; 5000               ; 5000               ;
; Iteration limit for non-constant Verilog loops                   ; 250                ; 250                ;
; Add Pass-Through Logic to Inferred RAMs                          ; On                 ; On                 ;
; Infer RAMs from Raw Logic                                        ; On                 ; On                 ;
; Parallel Synthesis                                               ; On                 ; On                 ;
; DSP Block Balancing                                              ; Auto               ; Auto               ;
; NOT Gate Push-Back                                               ; On                 ; On                 ;
; Power-Up Don't Care                                              ; On                 ; On                 ;
; Remove Redundant Logic Cells                                     ; Off                ; Off                ;
; Remove Duplicate Registers                                       ; On                 ; On                 ;
; Ignore CARRY Buffers                                             ; Off                ; Off                ;
; Ignore CASCADE Buffers                                           ; Off                ; Off                ;
; Ignore GLOBAL Buffers                                            ; Off                ; Off                ;
; Ignore ROW GLOBAL Buffers                                        ; Off                ; Off                ;
; Ignore LCELL Buffers                                             ; Off                ; Off                ;
; Ignore SOFT Buffers                                              ; On                 ; On                 ;
; Limit AHDL Integers to 32 Bits                                   ; Off                ; Off                ;
; Optimization Technique                                           ; Balanced           ; Balanced           ;
; Carry Chain Length                                               ; 70                 ; 70                 ;
; Auto Carry Chains                                                ; On                 ; On                 ;
; Auto Open-Drain Pins                                             ; On                 ; On                 ;
; Perform WYSIWYG Primitive Resynthesis                            ; Off                ; Off                ;
; Auto ROM Replacement                                             ; On                 ; On                 ;
; Auto RAM Replacement                                             ; On                 ; On                 ;
; Auto DSP Block Replacement                                       ; On                 ; On                 ;
; Auto Shift Register Replacement                                  ; Auto               ; Auto               ;
; Allow Shift Register Merging across Hierarchies                  ; Auto               ; Auto               ;
; Auto Clock Enable Replacement                                    ; On                 ; On                 ;
; Strict RAM Replacement                                           ; Off                ; Off                ;
; Allow Synchronous Control Signals                                ; On                 ; On                 ;
; Force Use of Synchronous Clear Signals                           ; Off                ; Off                ;
; Auto RAM Block Balancing                                         ; On                 ; On                 ;
; Auto RAM to Logic Cell Conversion                                ; Off                ; Off                ;
; Auto Resource Sharing                                            ; Off                ; Off                ;
; Allow Any RAM Size For Recognition                               ; Off                ; Off                ;
; Allow Any ROM Size For Recognition                               ; Off                ; Off                ;
; Allow Any Shift Register Size For Recognition                    ; Off                ; Off                ;
; Use LogicLock Constraints during Resource Balancing              ; On                 ; On                 ;
; Ignore translate_off and synthesis_off directives                ; Off                ; Off                ;
; Timing-Driven Synthesis                                          ; On                 ; On                 ;
; Report Parameter Settings                                        ; On                 ; On                 ;
; Report Source Assignments                                        ; On                 ; On                 ;
; Report Connectivity Checks                                       ; On                 ; On                 ;
; Ignore Maximum Fan-Out Assignments                               ; Off                ; Off                ;
; Synchronization Register Chain Length                            ; 2                  ; 2                  ;
; Power Optimization During Synthesis                              ; Normal compilation ; Normal compilation ;
; HDL message level                                                ; Level2             ; Level2             ;
; Suppress Register Optimization Related Messages                  ; Off                ; Off                ;
; Number of Removed Registers Reported in Synthesis Report         ; 5000               ; 5000               ;
; Number of Swept Nodes Reported in Synthesis Report               ; 5000               ; 5000               ;
; Number of Inverted Registers Reported in Synthesis Report        ; 100                ; 100                ;
; Clock MUX Protection                                             ; On                 ; On                 ;
; Auto Gated Clock Conversion                                      ; Off                ; Off                ;
; Block Design Naming                                              ; Auto               ; Auto               ;
; SDC constraint protection                                        ; Off                ; Off                ;
; Synthesis Effort                                                 ; Auto               ; Auto               ;
; Shift Register Replacement - Allow Asynchronous Clear Signal     ; On                 ; On                 ;
; Pre-Mapping Resynthesis Optimization                             ; Off                ; Off                ;
; Analysis & Synthesis Message Level                               ; Medium             ; Medium             ;
; Disable Register Merging Across Hierarchies                      ; Auto               ; Auto               ;
; Resource Aware Inference For Block RAM                           ; On                 ; On                 ;
+------------------------------------------------------------------+--------------------+--------------------+


+------------------------------------------+
; Parallel Compilation                     ;
+----------------------------+-------------+
; Processors                 ; Number      ;
+----------------------------+-------------+
; Number detected on machine ; 8           ;
; Maximum allowed            ; 8           ;
;                            ;             ;
; Average used               ; 1.00        ;
; Maximum used               ; 8           ;
;                            ;             ;
; Usage by Processor         ; % Time Used ;
;     Processor 1            ; 100.0%      ;
;     Processors 2-8         ;   0.0%      ;
+----------------------------+-------------+


+------------------------------------------------------------------------------------------------------------------------------------------------------------------------------+
; Analysis & Synthesis Source Files Read                                                                                                                                       ;
+----------------------------------+-----------------+------------------------------+--------------------------------------------------------------------------------+---------+
; File Name with User-Entered Path ; Used in Netlist ; File Type                    ; File Name with Absolute Path                                                   ; Library ;
+----------------------------------+-----------------+------------------------------+--------------------------------------------------------------------------------+---------+
; fir_filter.vhd                   ; yes             ; User VHDL File               ; C:/Users/alean/OneDrive/Documents/Projects/fir/fir_filter.vhd                  ;         ;
; lpm_mult.tdf                     ; yes             ; Megafunction                 ; c:/altera_lite/25.1std/quartus/libraries/megafunctions/lpm_mult.tdf            ;         ;
; aglobal251.inc                   ; yes             ; Megafunction                 ; c:/altera_lite/25.1std/quartus/libraries/megafunctions/aglobal251.inc          ;         ;
; lpm_add_sub.inc                  ; yes             ; Megafunction                 ; c:/altera_lite/25.1std/quartus/libraries/megafunctions/lpm_add_sub.inc         ;         ;
; multcore.inc                     ; yes             ; Megafunction                 ; c:/altera_lite/25.1std/quartus/libraries/megafunctions/multcore.inc            ;         ;
; bypassff.inc                     ; yes             ; Megafunction                 ; c:/altera_lite/25.1std/quartus/libraries/megafunctions/bypassff.inc            ;         ;
; altshift.inc                     ; yes             ; Megafunction                 ; c:/altera_lite/25.1std/quartus/libraries/megafunctions/altshift.inc            ;         ;
; db/mult_aco.tdf                  ; yes             ; Auto-Generated Megafunction  ; C:/Users/alean/OneDrive/Documents/Projects/fir/db/mult_aco.tdf                 ;         ;
; lpm_ff.tdf                       ; yes             ; Megafunction                 ; c:/altera_lite/25.1std/quartus/libraries/megafunctions/lpm_ff.tdf              ;         ;
; lpm_constant.inc                 ; yes             ; Megafunction                 ; c:/altera_lite/25.1std/quartus/libraries/megafunctions/lpm_constant.inc        ;         ;
; lpm_add_sub.tdf                  ; yes             ; Megafunction                 ; c:/altera_lite/25.1std/quartus/libraries/megafunctions/lpm_add_sub.tdf         ;         ;
; addcore.inc                      ; yes             ; Megafunction                 ; c:/altera_lite/25.1std/quartus/libraries/megafunctions/addcore.inc             ;         ;
; look_add.inc                     ; yes             ; Megafunction                 ; c:/altera_lite/25.1std/quartus/libraries/megafunctions/look_add.inc            ;         ;
; alt_stratix_add_sub.inc          ; yes             ; Megafunction                 ; c:/altera_lite/25.1std/quartus/libraries/megafunctions/alt_stratix_add_sub.inc ;         ;
; db/add_sub_fje.tdf               ; yes             ; Auto-Generated Megafunction  ; C:/Users/alean/OneDrive/Documents/Projects/fir/db/add_sub_fje.tdf              ;         ;
+----------------------------------+-----------------+------------------------------+--------------------------------------------------------------------------------+---------+


+-----------------------------------------------------------+
; Analysis & Synthesis Resource Usage Summary               ;
+---------------------------------------------+-------------+
; Resource                                    ; Usage       ;
+---------------------------------------------+-------------+
; Estimated Total logic elements              ; 144         ;
;                                             ;             ;
; Total combinational functions               ; 48          ;
; Logic element usage by number of LUT inputs ;             ;
;     -- 4 input functions                    ; 0           ;
;     -- 3 input functions                    ; 45          ;
;     -- <=2 input functions                  ; 3           ;
;                                             ;             ;
; Logic elements by mode                      ;             ;
;     -- normal mode                          ; 3           ;
;     -- arithmetic mode                      ; 45          ;
;                                             ;             ;
; Total registers                             ; 144         ;
;     -- Dedicated logic registers            ; 144         ;
;     -- I/O registers                        ; 0           ;
;                                             ;             ;
; I/O pins                                    ; 26          ;
;                                             ;             ;
; Embedded Multiplier 9-bit elements          ; 4           ;
;                                             ;             ;
; Maximum fan-out node                        ; clock~input ;
; Maximum fan-out                             ; 144         ;
; Total fan-out                               ; 651         ;
; Average fan-out                             ; 2.58        ;
+---------------------------------------------+-------------+


+-----------------------------------------------------------------------------------------------------------------------------------------------------------------------------------------------------------------------------------------------------+
; Analysis & Synthesis Resource Utilization by Entity                                                                                                                                                                                                 ;
+---------------------------------+---------------------+---------------------------+-------------+--------------+---------+-----------+------+--------------+-----------------------------------------------------------+-------------+--------------+
; Compilation Hierarchy Node      ; Combinational ALUTs ; Dedicated Logic Registers ; Memory Bits ; DSP Elements ; DSP 9x9 ; DSP 18x18 ; Pins ; Virtual Pins ; Full Hierarchy Name                                       ; Entity Name ; Library Name ;
+---------------------------------+---------------------+---------------------------+-------------+--------------+---------+-----------+------+--------------+-----------------------------------------------------------+-------------+--------------+
; |fir_filter                     ; 48 (0)              ; 144 (32)                  ; 0           ; 4            ; 4       ; 0         ; 26   ; 0            ; |fir_filter                                               ; fir_filter  ; work         ;
;    |lpm_ff:fir_adder_n10_reg|   ; 16 (16)             ; 16 (16)                   ; 0           ; 0            ; 0       ; 0         ; 0    ; 0            ; |fir_filter|lpm_ff:fir_adder_n10_reg                      ; lpm_ff      ; work         ;
;    |lpm_ff:fir_adder_n32_reg|   ; 16 (16)             ; 16 (16)                   ; 0           ; 0            ; 0       ; 0         ; 0    ; 0            ; |fir_filter|lpm_ff:fir_adder_n32_reg                      ; lpm_ff      ; work         ;
;    |lpm_ff:fir_mult_xn1_reg|    ; 0 (0)               ; 16 (16)                   ; 0           ; 0            ; 0       ; 0         ; 0    ; 0            ; |fir_filter|lpm_ff:fir_mult_xn1_reg                       ; lpm_ff      ; work         ;
;    |lpm_ff:fir_mult_xn2_reg|    ; 0 (0)               ; 16 (16)                   ; 0           ; 0            ; 0       ; 0         ; 0    ; 0            ; |fir_filter|lpm_ff:fir_mult_xn2_reg                       ; lpm_ff      ; work         ;
;    |lpm_ff:fir_mult_xn3_reg|    ; 0 (0)               ; 16 (16)                   ; 0           ; 0            ; 0       ; 0         ; 0    ; 0            ; |fir_filter|lpm_ff:fir_mult_xn3_reg                       ; lpm_ff      ; work         ;
;    |lpm_ff:fir_mult_xn_reg|     ; 0 (0)               ; 16 (16)                   ; 0           ; 0            ; 0       ; 0         ; 0    ; 0            ; |fir_filter|lpm_ff:fir_mult_xn_reg                        ; lpm_ff      ; work         ;
;    |lpm_ff:fir_result_reg|      ; 16 (16)             ; 16 (16)                   ; 0           ; 0            ; 0       ; 0         ; 0    ; 0            ; |fir_filter|lpm_ff:fir_result_reg                         ; lpm_ff      ; work         ;
;    |lpm_mult:fir_mult_xn1|      ; 0 (0)               ; 0 (0)                     ; 0           ; 1            ; 1       ; 0         ; 0    ; 0            ; |fir_filter|lpm_mult:fir_mult_xn1                         ; lpm_mult    ; work         ;
;       |mult_aco:auto_generated| ; 0 (0)               ; 0 (0)                     ; 0           ; 1            ; 1       ; 0         ; 0    ; 0            ; |fir_filter|lpm_mult:fir_mult_xn1|mult_aco:auto_generated ; mult_aco    ; work         ;
;    |lpm_mult:fir_mult_xn2|      ; 0 (0)               ; 0 (0)                     ; 0           ; 1            ; 1       ; 0         ; 0    ; 0            ; |fir_filter|lpm_mult:fir_mult_xn2                         ; lpm_mult    ; work         ;
;       |mult_aco:auto_generated| ; 0 (0)               ; 0 (0)                     ; 0           ; 1            ; 1       ; 0         ; 0    ; 0            ; |fir_filter|lpm_mult:fir_mult_xn2|mult_aco:auto_generated ; mult_aco    ; work         ;
;    |lpm_mult:fir_mult_xn3|      ; 0 (0)               ; 0 (0)                     ; 0           ; 1            ; 1       ; 0         ; 0    ; 0            ; |fir_filter|lpm_mult:fir_mult_xn3                         ; lpm_mult    ; work         ;
;       |mult_aco:auto_generated| ; 0 (0)               ; 0 (0)                     ; 0           ; 1            ; 1       ; 0         ; 0    ; 0            ; |fir_filter|lpm_mult:fir_mult_xn3|mult_aco:auto_generated ; mult_aco    ; work         ;
;    |lpm_mult:fir_mult_xn|       ; 0 (0)               ; 0 (0)                     ; 0           ; 1            ; 1       ; 0         ; 0    ; 0            ; |fir_filter|lpm_mult:fir_mult_xn                          ; lpm_mult    ; work         ;
;       |mult_aco:auto_generated| ; 0 (0)               ; 0 (0)                     ; 0           ; 1            ; 1       ; 0         ; 0    ; 0            ; |fir_filter|lpm_mult:fir_mult_xn|mult_aco:auto_generated  ; mult_aco    ; work         ;
+---------------------------------+---------------------+---------------------------+-------------+--------------+---------+-----------+------+--------------+-----------------------------------------------------------+-------------+--------------+
Note: For table entries with two numbers listed, the numbers in parentheses indicate the number of resources of the given type used by the specific entity alone. The numbers listed outside of parentheses indicate the total resources of the given type used by the specific entity and all of its sub-entities in the hierarchy.


+-----------------------------------------------------+
; Analysis & Synthesis DSP Block Usage Summary        ;
+---------------------------------------+-------------+
; Statistic                             ; Number Used ;
+---------------------------------------+-------------+
; Simple Multipliers (9-bit)            ; 4           ;
; Simple Multipliers (18-bit)           ; 0           ;
; Embedded Multiplier Blocks            ; --          ;
; Embedded Multiplier 9-bit elements    ; 4           ;
; Signed Embedded Multipliers           ; 0           ;
; Unsigned Embedded Multipliers         ; 4           ;
; Mixed Sign Embedded Multipliers       ; 0           ;
; Variable Sign Embedded Multipliers    ; 0           ;
; Dedicated Input Shift Register Chains ; 0           ;
+---------------------------------------+-------------+
Note: number of Embedded Multiplier Blocks used is only available after a successful fit.


+------------------------------------------------------+
; General Register Statistics                          ;
+----------------------------------------------+-------+
; Statistic                                    ; Value ;
+----------------------------------------------+-------+
; Total registers                              ; 144   ;
; Number of registers using Synchronous Clear  ; 0     ;
; Number of registers using Synchronous Load   ; 0     ;
; Number of registers using Asynchronous Clear ; 136   ;
; Number of registers using Asynchronous Load  ; 0     ;
; Number of registers using Clock Enable       ; 8     ;
; Number of registers using Preset             ; 0     ;
+----------------------------------------------+-------+


+-------------------------------------------------------------------------------------+
; Parameter Settings for User Entity Instance: LPM_MULT:fir_mult_xn                   ;
+------------------------------------------------+--------------+---------------------+
; Parameter Name                                 ; Value        ; Type                ;
+------------------------------------------------+--------------+---------------------+
; AUTO_CARRY_CHAINS                              ; ON           ; AUTO_CARRY          ;
; IGNORE_CARRY_BUFFERS                           ; OFF          ; IGNORE_CARRY        ;
; AUTO_CASCADE_CHAINS                            ; ON           ; AUTO_CASCADE        ;
; IGNORE_CASCADE_BUFFERS                         ; OFF          ; IGNORE_CASCADE      ;
; LPM_WIDTHA                                     ; 8            ; Signed Integer      ;
; LPM_WIDTHB                                     ; 8            ; Signed Integer      ;
; LPM_WIDTHP                                     ; 16           ; Signed Integer      ;
; LPM_WIDTHR                                     ; 0            ; Untyped             ;
; LPM_WIDTHS                                     ; 1            ; Signed Integer      ;
; LPM_REPRESENTATION                             ; UNSIGNED     ; Untyped             ;
; LPM_PIPELINE                                   ; 0            ; Signed Integer      ;
; LATENCY                                        ; 0            ; Untyped             ;
; INPUT_A_IS_CONSTANT                            ; NO           ; Untyped             ;
; INPUT_B_IS_CONSTANT                            ; NO           ; Untyped             ;
; USE_EAB                                        ; OFF          ; Untyped             ;
; MAXIMIZE_SPEED                                 ; 5            ; Untyped             ;
; DEVICE_FAMILY                                  ; Cyclone IV E ; Untyped             ;
; CARRY_CHAIN                                    ; MANUAL       ; Untyped             ;
; APEX20K_TECHNOLOGY_MAPPER                      ; LUT          ; TECH_MAPPER_APEX20K ;
; DEDICATED_MULTIPLIER_CIRCUITRY                 ; AUTO         ; Untyped             ;
; DEDICATED_MULTIPLIER_MIN_INPUT_WIDTH_FOR_AUTO  ; 0            ; Untyped             ;
; DEDICATED_MULTIPLIER_MIN_OUTPUT_WIDTH_FOR_AUTO ; 0            ; Untyped             ;
; CBXI_PARAMETER                                 ; mult_aco     ; Untyped             ;
; INPUT_A_FIXED_VALUE                            ; Bx           ; Untyped             ;
; INPUT_B_FIXED_VALUE                            ; Bx           ; Untyped             ;
; USE_AHDL_IMPLEMENTATION                        ; OFF          ; Untyped             ;
+------------------------------------------------+--------------+---------------------+
Note: In order to hide this table in the UI and the text report file, please set the "Show Parameter Settings in Synthesis Report" option in "Analysis and Synthesis Settings -> More Settings" to "Off".


+-------------------------------------------------------------------------------------+
; Parameter Settings for User Entity Instance: LPM_MULT:fir_mult_xn1                  ;
+------------------------------------------------+--------------+---------------------+
; Parameter Name                                 ; Value        ; Type                ;
+------------------------------------------------+--------------+---------------------+
; AUTO_CARRY_CHAINS                              ; ON           ; AUTO_CARRY          ;
; IGNORE_CARRY_BUFFERS                           ; OFF          ; IGNORE_CARRY        ;
; AUTO_CASCADE_CHAINS                            ; ON           ; AUTO_CASCADE        ;
; IGNORE_CASCADE_BUFFERS                         ; OFF          ; IGNORE_CASCADE      ;
; LPM_WIDTHA                                     ; 8            ; Signed Integer      ;
; LPM_WIDTHB                                     ; 8            ; Signed Integer      ;
; LPM_WIDTHP                                     ; 16           ; Signed Integer      ;
; LPM_WIDTHR                                     ; 0            ; Untyped             ;
; LPM_WIDTHS                                     ; 1            ; Signed Integer      ;
; LPM_REPRESENTATION                             ; UNSIGNED     ; Untyped             ;
; LPM_PIPELINE                                   ; 0            ; Signed Integer      ;
; LATENCY                                        ; 0            ; Untyped             ;
; INPUT_A_IS_CONSTANT                            ; NO           ; Untyped             ;
; INPUT_B_IS_CONSTANT                            ; NO           ; Untyped             ;
; USE_EAB                                        ; OFF          ; Untyped             ;
; MAXIMIZE_SPEED                                 ; 5            ; Untyped             ;
; DEVICE_FAMILY                                  ; Cyclone IV E ; Untyped             ;
; CARRY_CHAIN                                    ; MANUAL       ; Untyped             ;
; APEX20K_TECHNOLOGY_MAPPER                      ; LUT          ; TECH_MAPPER_APEX20K ;
; DEDICATED_MULTIPLIER_CIRCUITRY                 ; AUTO         ; Untyped             ;
; DEDICATED_MULTIPLIER_MIN_INPUT_WIDTH_FOR_AUTO  ; 0            ; Untyped             ;
; DEDICATED_MULTIPLIER_MIN_OUTPUT_WIDTH_FOR_AUTO ; 0            ; Untyped             ;
; CBXI_PARAMETER                                 ; mult_aco     ; Untyped             ;
; INPUT_A_FIXED_VALUE                            ; Bx           ; Untyped             ;
; INPUT_B_FIXED_VALUE                            ; Bx           ; Untyped             ;
; USE_AHDL_IMPLEMENTATION                        ; OFF          ; Untyped             ;
+------------------------------------------------+--------------+---------------------+
Note: In order to hide this table in the UI and the text report file, please set the "Show Parameter Settings in Synthesis Report" option in "Analysis and Synthesis Settings -> More Settings" to "Off".


+-------------------------------------------------------------------------------------+
; Parameter Settings for User Entity Instance: LPM_MULT:fir_mult_xn2                  ;
+------------------------------------------------+--------------+---------------------+
; Parameter Name                                 ; Value        ; Type                ;
+------------------------------------------------+--------------+---------------------+
; AUTO_CARRY_CHAINS                              ; ON           ; AUTO_CARRY          ;
; IGNORE_CARRY_BUFFERS                           ; OFF          ; IGNORE_CARRY        ;
; AUTO_CASCADE_CHAINS                            ; ON           ; AUTO_CASCADE        ;
; IGNORE_CASCADE_BUFFERS                         ; OFF          ; IGNORE_CASCADE      ;
; LPM_WIDTHA                                     ; 8            ; Signed Integer      ;
; LPM_WIDTHB                                     ; 8            ; Signed Integer      ;
; LPM_WIDTHP                                     ; 16           ; Signed Integer      ;
; LPM_WIDTHR                                     ; 0            ; Untyped             ;
; LPM_WIDTHS                                     ; 1            ; Signed Integer      ;
; LPM_REPRESENTATION                             ; UNSIGNED     ; Untyped             ;
; LPM_PIPELINE                                   ; 0            ; Signed Integer      ;
; LATENCY                                        ; 0            ; Untyped             ;
; INPUT_A_IS_CONSTANT                            ; NO           ; Untyped             ;
; INPUT_B_IS_CONSTANT                            ; NO           ; Untyped             ;
; USE_EAB                                        ; OFF          ; Untyped             ;
; MAXIMIZE_SPEED                                 ; 5            ; Untyped             ;
; DEVICE_FAMILY                                  ; Cyclone IV E ; Untyped             ;
; CARRY_CHAIN                                    ; MANUAL       ; Untyped             ;
; APEX20K_TECHNOLOGY_MAPPER                      ; LUT          ; TECH_MAPPER_APEX20K ;
; DEDICATED_MULTIPLIER_CIRCUITRY                 ; AUTO         ; Untyped             ;
; DEDICATED_MULTIPLIER_MIN_INPUT_WIDTH_FOR_AUTO  ; 0            ; Untyped             ;
; DEDICATED_MULTIPLIER_MIN_OUTPUT_WIDTH_FOR_AUTO ; 0            ; Untyped             ;
; CBXI_PARAMETER                                 ; mult_aco     ; Untyped             ;
; INPUT_A_FIXED_VALUE                            ; Bx           ; Untyped             ;
; INPUT_B_FIXED_VALUE                            ; Bx           ; Untyped             ;
; USE_AHDL_IMPLEMENTATION                        ; OFF          ; Untyped             ;
+------------------------------------------------+--------------+---------------------+
Note: In order to hide this table in the UI and the text report file, please set the "Show Parameter Settings in Synthesis Report" option in "Analysis and Synthesis Settings -> More Settings" to "Off".


+-------------------------------------------------------------------------------------+
; Parameter Settings for User Entity Instance: LPM_MULT:fir_mult_xn3                  ;
+------------------------------------------------+--------------+---------------------+
; Parameter Name                                 ; Value        ; Type                ;
+------------------------------------------------+--------------+---------------------+
; AUTO_CARRY_CHAINS                              ; ON           ; AUTO_CARRY          ;
; IGNORE_CARRY_BUFFERS                           ; OFF          ; IGNORE_CARRY        ;
; AUTO_CASCADE_CHAINS                            ; ON           ; AUTO_CASCADE        ;
; IGNORE_CASCADE_BUFFERS                         ; OFF          ; IGNORE_CASCADE      ;
; LPM_WIDTHA                                     ; 8            ; Signed Integer      ;
; LPM_WIDTHB                                     ; 8            ; Signed Integer      ;
; LPM_WIDTHP                                     ; 16           ; Signed Integer      ;
; LPM_WIDTHR                                     ; 0            ; Untyped             ;
; LPM_WIDTHS                                     ; 1            ; Signed Integer      ;
; LPM_REPRESENTATION                             ; UNSIGNED     ; Untyped             ;
; LPM_PIPELINE                                   ; 0            ; Signed Integer      ;
; LATENCY                                        ; 0            ; Untyped             ;
; INPUT_A_IS_CONSTANT                            ; NO           ; Untyped             ;
; INPUT_B_IS_CONSTANT                            ; NO           ; Untyped             ;
; USE_EAB                                        ; OFF          ; Untyped             ;
; MAXIMIZE_SPEED                                 ; 5            ; Untyped             ;
; DEVICE_FAMILY                                  ; Cyclone IV E ; Untyped             ;
; CARRY_CHAIN                                    ; MANUAL       ; Untyped             ;
; APEX20K_TECHNOLOGY_MAPPER                      ; LUT          ; TECH_MAPPER_APEX20K ;
; DEDICATED_MULTIPLIER_CIRCUITRY                 ; AUTO         ; Untyped             ;
; DEDICATED_MULTIPLIER_MIN_INPUT_WIDTH_FOR_AUTO  ; 0            ; Untyped             ;
; DEDICATED_MULTIPLIER_MIN_OUTPUT_WIDTH_FOR_AUTO ; 0            ; Untyped             ;
; CBXI_PARAMETER                                 ; mult_aco     ; Untyped             ;
; INPUT_A_FIXED_VALUE                            ; Bx           ; Untyped             ;
; INPUT_B_FIXED_VALUE                            ; Bx           ; Untyped             ;
; USE_AHDL_IMPLEMENTATION                        ; OFF          ; Untyped             ;
+------------------------------------------------+--------------+---------------------+
Note: In order to hide this table in the UI and the text report file, please set the "Show Parameter Settings in Synthesis Report" option in "Analysis and Synthesis Settings -> More Settings" to "Off".


+---------------------------------------------------------------------+
; Parameter Settings for User Entity Instance: LPM_FF:fir_mult_xn_reg ;
+------------------------+--------------+-----------------------------+
; Parameter Name         ; Value        ; Type                        ;
+------------------------+--------------+-----------------------------+
; LPM_WIDTH              ; 16           ; Signed Integer              ;
; LPM_AVALUE             ; UNUSED       ; Untyped                     ;
; LPM_SVALUE             ; UNUSED       ; Untyped                     ;
; LPM_FFTYPE             ; DFF          ; Untyped                     ;
; DEVICE_FAMILY          ; Cyclone IV E ; Untyped                     ;
; CBXI_PARAMETER         ; NOTHING      ; Untyped                     ;
; AUTO_CARRY_CHAINS      ; ON           ; AUTO_CARRY                  ;
; IGNORE_CARRY_BUFFERS   ; OFF          ; IGNORE_CARRY                ;
; AUTO_CASCADE_CHAINS    ; ON           ; AUTO_CASCADE                ;
; IGNORE_CASCADE_BUFFERS ; OFF          ; IGNORE_CASCADE              ;
+------------------------+--------------+-----------------------------+
Note: In order to hide this table in the UI and the text report file, please set the "Show Parameter Settings in Synthesis Report" option in "Analysis and Synthesis Settings -> More Settings" to "Off".


+----------------------------------------------------------------------+
; Parameter Settings for User Entity Instance: LPM_FF:fir_mult_xn1_reg ;
+------------------------+--------------+------------------------------+
; Parameter Name         ; Value        ; Type                         ;
+------------------------+--------------+------------------------------+
; LPM_WIDTH              ; 16           ; Signed Integer               ;
; LPM_AVALUE             ; UNUSED       ; Untyped                      ;
; LPM_SVALUE             ; UNUSED       ; Untyped                      ;
; LPM_FFTYPE             ; DFF          ; Untyped                      ;
; DEVICE_FAMILY          ; Cyclone IV E ; Untyped                      ;
; CBXI_PARAMETER         ; NOTHING      ; Untyped                      ;
; AUTO_CARRY_CHAINS      ; ON           ; AUTO_CARRY                   ;
; IGNORE_CARRY_BUFFERS   ; OFF          ; IGNORE_CARRY                 ;
; AUTO_CASCADE_CHAINS    ; ON           ; AUTO_CASCADE                 ;
; IGNORE_CASCADE_BUFFERS ; OFF          ; IGNORE_CASCADE               ;
+------------------------+--------------+------------------------------+
Note: In order to hide this table in the UI and the text report file, please set the "Show Parameter Settings in Synthesis Report" option in "Analysis and Synthesis Settings -> More Settings" to "Off".


+----------------------------------------------------------------------+
; Parameter Settings for User Entity Instance: LPM_FF:fir_mult_xn2_reg ;
+------------------------+--------------+------------------------------+
; Parameter Name         ; Value        ; Type                         ;
+------------------------+--------------+------------------------------+
; LPM_WIDTH              ; 16           ; Signed Integer               ;
; LPM_AVALUE             ; UNUSED       ; Untyped                      ;
; LPM_SVALUE             ; UNUSED       ; Untyped                      ;
; LPM_FFTYPE             ; DFF          ; Untyped                      ;
; DEVICE_FAMILY          ; Cyclone IV E ; Untyped                      ;
; CBXI_PARAMETER         ; NOTHING      ; Untyped                      ;
; AUTO_CARRY_CHAINS      ; ON           ; AUTO_CARRY                   ;
; IGNORE_CARRY_BUFFERS   ; OFF          ; IGNORE_CARRY                 ;
; AUTO_CASCADE_CHAINS    ; ON           ; AUTO_CASCADE                 ;
; IGNORE_CASCADE_BUFFERS ; OFF          ; IGNORE_CASCADE               ;
+------------------------+--------------+------------------------------+
Note: In order to hide this table in the UI and the text report file, please set the "Show Parameter Settings in Synthesis Report" option in "Analysis and Synthesis Settings -> More Settings" to "Off".


+----------------------------------------------------------------------+
; Parameter Settings for User Entity Instance: LPM_FF:fir_mult_xn3_reg ;
+------------------------+--------------+------------------------------+
; Parameter Name         ; Value        ; Type                         ;
+------------------------+--------------+------------------------------+
; LPM_WIDTH              ; 16           ; Signed Integer               ;
; LPM_AVALUE             ; UNUSED       ; Untyped                      ;
; LPM_SVALUE             ; UNUSED       ; Untyped                      ;
; LPM_FFTYPE             ; DFF          ; Untyped                      ;
; DEVICE_FAMILY          ; Cyclone IV E ; Untyped                      ;
; CBXI_PARAMETER         ; NOTHING      ; Untyped                      ;
; AUTO_CARRY_CHAINS      ; ON           ; AUTO_CARRY                   ;
; IGNORE_CARRY_BUFFERS   ; OFF          ; IGNORE_CARRY                 ;
; AUTO_CASCADE_CHAINS    ; ON           ; AUTO_CASCADE                 ;
; IGNORE_CASCADE_BUFFERS ; OFF          ; IGNORE_CASCADE               ;
+------------------------+--------------+------------------------------+
Note: In order to hide this table in the UI and the text report file, please set the "Show Parameter Settings in Synthesis Report" option in "Analysis and Synthesis Settings -> More Settings" to "Off".


+------------------------------------------------------------------------+
; Parameter Settings for User Entity Instance: LPM_ADD_SUB:fir_adder_n32 ;
+------------------------+--------------+--------------------------------+
; Parameter Name         ; Value        ; Type                           ;
+------------------------+--------------+--------------------------------+
; LPM_WIDTH              ; 16           ; Signed Integer                 ;
; LPM_REPRESENTATION     ; SIGNED       ; Untyped                        ;
; LPM_DIRECTION          ; DEFAULT      ; Untyped                        ;
; ONE_INPUT_IS_CONSTANT  ; NO           ; Untyped                        ;
; LPM_PIPELINE           ; 0            ; Signed Integer                 ;
; MAXIMIZE_SPEED         ; 5            ; Untyped                        ;
; REGISTERED_AT_END      ; 0            ; Untyped                        ;
; OPTIMIZE_FOR_SPEED     ; 5            ; Untyped                        ;
; USE_CS_BUFFERS         ; 1            ; Untyped                        ;
; CARRY_CHAIN            ; MANUAL       ; Untyped                        ;
; CARRY_CHAIN_LENGTH     ; 48           ; CARRY_CHAIN_LENGTH             ;
; DEVICE_FAMILY          ; Cyclone IV E ; Untyped                        ;
; USE_WYS                ; OFF          ; Untyped                        ;
; STYLE                  ; FAST         ; Untyped                        ;
; CBXI_PARAMETER         ; add_sub_fje  ; Untyped                        ;
; AUTO_CARRY_CHAINS      ; ON           ; AUTO_CARRY                     ;
; IGNORE_CARRY_BUFFERS   ; OFF          ; IGNORE_CARRY                   ;
; AUTO_CASCADE_CHAINS    ; ON           ; AUTO_CASCADE                   ;
; IGNORE_CASCADE_BUFFERS ; OFF          ; IGNORE_CASCADE                 ;
+------------------------+--------------+--------------------------------+
Note: In order to hide this table in the UI and the text report file, please set the "Show Parameter Settings in Synthesis Report" option in "Analysis and Synthesis Settings -> More Settings" to "Off".


+------------------------------------------------------------------------+
; Parameter Settings for User Entity Instance: LPM_ADD_SUB:fir_adder_n10 ;
+------------------------+--------------+--------------------------------+
; Parameter Name         ; Value        ; Type                           ;
+------------------------+--------------+--------------------------------+
; LPM_WIDTH              ; 16           ; Signed Integer                 ;
; LPM_REPRESENTATION     ; SIGNED       ; Untyped                        ;
; LPM_DIRECTION          ; DEFAULT      ; Untyped                        ;
; ONE_INPUT_IS_CONSTANT  ; NO           ; Untyped                        ;
; LPM_PIPELINE           ; 0            ; Signed Integer                 ;
; MAXIMIZE_SPEED         ; 5            ; Untyped                        ;
; REGISTERED_AT_END      ; 0            ; Untyped                        ;
; OPTIMIZE_FOR_SPEED     ; 5            ; Untyped                        ;
; USE_CS_BUFFERS         ; 1            ; Untyped                        ;
; CARRY_CHAIN            ; MANUAL       ; Untyped                        ;
; CARRY_CHAIN_LENGTH     ; 48           ; CARRY_CHAIN_LENGTH             ;
; DEVICE_FAMILY          ; Cyclone IV E ; Untyped                        ;
; USE_WYS                ; OFF          ; Untyped                        ;
; STYLE                  ; FAST         ; Untyped                        ;
; CBXI_PARAMETER         ; add_sub_fje  ; Untyped                        ;
; AUTO_CARRY_CHAINS      ; ON           ; AUTO_CARRY                     ;
; IGNORE_CARRY_BUFFERS   ; OFF          ; IGNORE_CARRY                   ;
; AUTO_CASCADE_CHAINS    ; ON           ; AUTO_CASCADE                   ;
; IGNORE_CASCADE_BUFFERS ; OFF          ; IGNORE_CASCADE                 ;
+------------------------+--------------+--------------------------------+
Note: In order to hide this table in the UI and the text report file, please set the "Show Parameter Settings in Synthesis Report" option in "Analysis and Synthesis Settings -> More Settings" to "Off".


+-----------------------------------------------------------------------+
; Parameter Settings for User Entity Instance: LPM_FF:fir_adder_n32_reg ;
+------------------------+--------------+-------------------------------+
; Parameter Name         ; Value        ; Type                          ;
+------------------------+--------------+-------------------------------+
; LPM_WIDTH              ; 16           ; Signed Integer                ;
; LPM_AVALUE             ; UNUSED       ; Untyped                       ;
; LPM_SVALUE             ; UNUSED       ; Untyped                       ;
; LPM_FFTYPE             ; DFF          ; Untyped                       ;
; DEVICE_FAMILY          ; Cyclone IV E ; Untyped                       ;
; CBXI_PARAMETER         ; NOTHING      ; Untyped                       ;
; AUTO_CARRY_CHAINS      ; ON           ; AUTO_CARRY                    ;
; IGNORE_CARRY_BUFFERS   ; OFF          ; IGNORE_CARRY                  ;
; AUTO_CASCADE_CHAINS    ; ON           ; AUTO_CASCADE                  ;
; IGNORE_CASCADE_BUFFERS ; OFF          ; IGNORE_CASCADE                ;
+------------------------+--------------+-------------------------------+
Note: In order to hide this table in the UI and the text report file, please set the "Show Parameter Settings in Synthesis Report" option in "Analysis and Synthesis Settings -> More Settings" to "Off".


+-----------------------------------------------------------------------+
; Parameter Settings for User Entity Instance: LPM_FF:fir_adder_n10_reg ;
+------------------------+--------------+-------------------------------+
; Parameter Name         ; Value        ; Type                          ;
+------------------------+--------------+-------------------------------+
; LPM_WIDTH              ; 16           ; Signed Integer                ;
; LPM_AVALUE             ; UNUSED       ; Untyped                       ;
; LPM_SVALUE             ; UNUSED       ; Untyped                       ;
; LPM_FFTYPE             ; DFF          ; Untyped                       ;
; DEVICE_FAMILY          ; Cyclone IV E ; Untyped                       ;
; CBXI_PARAMETER         ; NOTHING      ; Untyped                       ;
; AUTO_CARRY_CHAINS      ; ON           ; AUTO_CARRY                    ;
; IGNORE_CARRY_BUFFERS   ; OFF          ; IGNORE_CARRY                  ;
; AUTO_CASCADE_CHAINS    ; ON           ; AUTO_CASCADE                  ;
; IGNORE_CASCADE_BUFFERS ; OFF          ; IGNORE_CASCADE                ;
+------------------------+--------------+-------------------------------+
Note: In order to hide this table in the UI and the text report file, please set the "Show Parameter Settings in Synthesis Report" option in "Analysis and Synthesis Settings -> More Settings" to "Off".


+--------------------------------------------------------------------+
; Parameter Settings for User Entity Instance: LPM_ADD_SUB:fir_adder ;
+------------------------+--------------+----------------------------+
; Parameter Name         ; Value        ; Type                       ;
+------------------------+--------------+----------------------------+
; LPM_WIDTH              ; 16           ; Signed Integer             ;
; LPM_REPRESENTATION     ; SIGNED       ; Untyped                    ;
; LPM_DIRECTION          ; DEFAULT      ; Untyped                    ;
; ONE_INPUT_IS_CONSTANT  ; NO           ; Untyped                    ;
; LPM_PIPELINE           ; 0            ; Signed Integer             ;
; MAXIMIZE_SPEED         ; 5            ; Untyped                    ;
; REGISTERED_AT_END      ; 0            ; Untyped                    ;
; OPTIMIZE_FOR_SPEED     ; 5            ; Untyped                    ;
; USE_CS_BUFFERS         ; 1            ; Untyped                    ;
; CARRY_CHAIN            ; MANUAL       ; Untyped                    ;
; CARRY_CHAIN_LENGTH     ; 48           ; CARRY_CHAIN_LENGTH         ;
; DEVICE_FAMILY          ; Cyclone IV E ; Untyped                    ;
; USE_WYS                ; OFF          ; Untyped                    ;
; STYLE                  ; FAST         ; Untyped                    ;
; CBXI_PARAMETER         ; add_sub_fje  ; Untyped                    ;
; AUTO_CARRY_CHAINS      ; ON           ; AUTO_CARRY                 ;
; IGNORE_CARRY_BUFFERS   ; OFF          ; IGNORE_CARRY               ;
; AUTO_CASCADE_CHAINS    ; ON           ; AUTO_CASCADE               ;
; IGNORE_CASCADE_BUFFERS ; OFF          ; IGNORE_CASCADE             ;
+------------------------+--------------+----------------------------+
Note: In order to hide this table in the UI and the text report file, please set the "Show Parameter Settings in Synthesis Report" option in "Analysis and Synthesis Settings -> More Settings" to "Off".


+--------------------------------------------------------------------+
; Parameter Settings for User Entity Instance: LPM_FF:fir_result_reg ;
+------------------------+--------------+----------------------------+
; Parameter Name         ; Value        ; Type                       ;
+------------------------+--------------+----------------------------+
; LPM_WIDTH              ; 16           ; Signed Integer             ;
; LPM_AVALUE             ; UNUSED       ; Untyped                    ;
; LPM_SVALUE             ; UNUSED       ; Untyped                    ;
; LPM_FFTYPE             ; DFF          ; Untyped                    ;
; DEVICE_FAMILY          ; Cyclone IV E ; Untyped                    ;
; CBXI_PARAMETER         ; NOTHING      ; Untyped                    ;
; AUTO_CARRY_CHAINS      ; ON           ; AUTO_CARRY                 ;
; IGNORE_CARRY_BUFFERS   ; OFF          ; IGNORE_CARRY               ;
; AUTO_CASCADE_CHAINS    ; ON           ; AUTO_CASCADE               ;
; IGNORE_CASCADE_BUFFERS ; OFF          ; IGNORE_CASCADE             ;
+------------------------+--------------+----------------------------+
Note: In order to hide this table in the UI and the text report file, please set the "Show Parameter Settings in Synthesis Report" option in "Analysis and Synthesis Settings -> More Settings" to "Off".


+---------------------------------------------------------------+
; lpm_mult Parameter Settings by Entity Instance                ;
+---------------------------------------+-----------------------+
; Name                                  ; Value                 ;
+---------------------------------------+-----------------------+
; Number of entity instances            ; 4                     ;
; Entity Instance                       ; LPM_MULT:fir_mult_xn  ;
;     -- LPM_WIDTHA                     ; 8                     ;
;     -- LPM_WIDTHB                     ; 8                     ;
;     -- LPM_WIDTHP                     ; 16                    ;
;     -- LPM_REPRESENTATION             ; UNSIGNED              ;
;     -- INPUT_A_IS_CONSTANT            ; NO                    ;
;     -- INPUT_B_IS_CONSTANT            ; NO                    ;
;     -- USE_EAB                        ; OFF                   ;
;     -- DEDICATED_MULTIPLIER_CIRCUITRY ; AUTO                  ;
;     -- INPUT_A_FIXED_VALUE            ; Bx                    ;
;     -- INPUT_B_FIXED_VALUE            ; Bx                    ;
; Entity Instance                       ; LPM_MULT:fir_mult_xn1 ;
;     -- LPM_WIDTHA                     ; 8                     ;
;     -- LPM_WIDTHB                     ; 8                     ;
;     -- LPM_WIDTHP                     ; 16                    ;
;     -- LPM_REPRESENTATION             ; UNSIGNED              ;
;     -- INPUT_A_IS_CONSTANT            ; NO                    ;
;     -- INPUT_B_IS_CONSTANT            ; NO                    ;
;     -- USE_EAB                        ; OFF                   ;
;     -- DEDICATED_MULTIPLIER_CIRCUITRY ; AUTO                  ;
;     -- INPUT_A_FIXED_VALUE            ; Bx                    ;
;     -- INPUT_B_FIXED_VALUE            ; Bx                    ;
; Entity Instance                       ; LPM_MULT:fir_mult_xn2 ;
;     -- LPM_WIDTHA                     ; 8                     ;
;     -- LPM_WIDTHB                     ; 8                     ;
;     -- LPM_WIDTHP                     ; 16                    ;
;     -- LPM_REPRESENTATION             ; UNSIGNED              ;
;     -- INPUT_A_IS_CONSTANT            ; NO                    ;
;     -- INPUT_B_IS_CONSTANT            ; NO                    ;
;     -- USE_EAB                        ; OFF                   ;
;     -- DEDICATED_MULTIPLIER_CIRCUITRY ; AUTO                  ;
;     -- INPUT_A_FIXED_VALUE            ; Bx                    ;
;     -- INPUT_B_FIXED_VALUE            ; Bx                    ;
; Entity Instance                       ; LPM_MULT:fir_mult_xn3 ;
;     -- LPM_WIDTHA                     ; 8                     ;
;     -- LPM_WIDTHB                     ; 8                     ;
;     -- LPM_WIDTHP                     ; 16                    ;
;     -- LPM_REPRESENTATION             ; UNSIGNED              ;
;     -- INPUT_A_IS_CONSTANT            ; NO                    ;
;     -- INPUT_B_IS_CONSTANT            ; NO                    ;
;     -- USE_EAB                        ; OFF                   ;
;     -- DEDICATED_MULTIPLIER_CIRCUITRY ; AUTO                  ;
;     -- INPUT_A_FIXED_VALUE            ; Bx                    ;
;     -- INPUT_B_FIXED_VALUE            ; Bx                    ;
+---------------------------------------+-----------------------+


+-----------------------------------------------------+
; Post-Synthesis Netlist Statistics for Top Partition ;
+-----------------------+-----------------------------+
; Type                  ; Count                       ;
+-----------------------+-----------------------------+
; boundary_port         ; 26                          ;
; cycloneiii_ff         ; 144                         ;
;     CLR               ; 136                         ;
;     ENA               ; 8                           ;
; cycloneiii_lcell_comb ; 48                          ;
;     arith             ; 45                          ;
;         3 data inputs ; 45                          ;
;     normal            ; 3                           ;
;         2 data inputs ; 3                           ;
; cycloneiii_mac_mult   ; 4                           ;
; cycloneiii_mac_out    ; 4                           ;
;                       ;                             ;
; Max LUT depth         ; 2.50                        ;
; Average LUT depth     ; 0.97                        ;
+-----------------------+-----------------------------+


+-------------------------------+
; Elapsed Time Per Partition    ;
+----------------+--------------+
; Partition Name ; Elapsed Time ;
+----------------+--------------+
; Top            ; 00:00:00     ;
+----------------+--------------+


+-------------------------------+
; Analysis & Synthesis Messages ;
+-------------------------------+
Info: *******************************************************************
Info: Running Quartus Prime Analysis & Synthesis
    Info: Version 25.1std.0 Build 1129 10/21/2025 SC Lite Edition
    Info: Processing started: Fri Apr 17 10:59:14 2026
Info: Command: quartus_map --read_settings_files=on --write_settings_files=off fir_filter -c fir_filter
Warning (18236): Number of processors has not been specified which may cause overloading on shared machines.  Set the global assignment NUM_PARALLEL_PROCESSORS in your QSF to an appropriate value for best performance.
Info (20030): Parallel compilation is enabled and will use 8 of the 8 processors detected
Info (12021): Found 2 design units, including 1 entities, in source file fir_filter.vhd
    Info (12022): Found design unit 1: fir_filter-structural File: C:/Users/alean/OneDrive/Documents/Projects/fir/fir_filter.vhd Line: 16
    Info (12023): Found entity 1: fir_filter File: C:/Users/alean/OneDrive/Documents/Projects/fir/fir_filter.vhd Line: 8
Info (12021): Found 2 design units, including 1 entities, in source file fir_filter_tb.vhd
    Info (12022): Found design unit 1: fir_filter_tb-tb File: C:/Users/alean/OneDrive/Documents/Projects/fir/fir_filter_tb.vhd Line: 7
    Info (12023): Found entity 1: fir_filter_tb File: C:/Users/alean/OneDrive/Documents/Projects/fir/fir_filter_tb.vhd Line: 4
Info (12127): Elaborating entity "fir_filter" for the top level hierarchy
Info (12128): Elaborating entity "LPM_MULT" for hierarchy "LPM_MULT:fir_mult_xn" File: C:/Users/alean/OneDrive/Documents/Projects/fir/fir_filter.vhd Line: 56
Info (12130): Elaborated megafunction instantiation "LPM_MULT:fir_mult_xn" File: C:/Users/alean/OneDrive/Documents/Projects/fir/fir_filter.vhd Line: 56
Info (12133): Instantiated megafunction "LPM_MULT:fir_mult_xn" with the following parameter: File: C:/Users/alean/OneDrive/Documents/Projects/fir/fir_filter.vhd Line: 56
    Info (12134): Parameter "LPM_WIDTHA" = "8"
    Info (12134): Parameter "LPM_WIDTHB" = "8"
    Info (12134): Parameter "LPM_WIDTHS" = "1"
    Info (12134): Parameter "LPM_WIDTHP" = "16"
    Info (12134): Parameter "LPM_REPRESENTATION" = "UNSIGNED"
    Info (12134): Parameter "LPM_PIPELINE" = "0"
    Info (12134): Parameter "LPM_TYPE" = "LPM_MULT"
    Info (12134): Parameter "LPM_HINT" = "UNUSED"
Info (12021): Found 1 design units, including 1 entities, in source file db/mult_aco.tdf
    Info (12023): Found entity 1: mult_aco File: C:/Users/alean/OneDrive/Documents/Projects/fir/db/mult_aco.tdf Line: 29
Info (12128): Elaborating entity "mult_aco" for hierarchy "LPM_MULT:fir_mult_xn|mult_aco:auto_generated" File: c:/altera_lite/25.1std/quartus/libraries/megafunctions/lpm_mult.tdf Line: 377
Info (12128): Elaborating entity "LPM_MULT" for hierarchy "LPM_MULT:fir_mult_xn1" File: C:/Users/alean/OneDrive/Documents/Projects/fir/fir_filter.vhd Line: 59
Info (12130): Elaborated megafunction instantiation "LPM_MULT:fir_mult_xn1" File: C:/Users/alean/OneDrive/Documents/Projects/fir/fir_filter.vhd Line: 59
Info (12133): Instantiated megafunction "LPM_MULT:fir_mult_xn1" with the following parameter: File: C:/Users/alean/OneDrive/Documents/Projects/fir/fir_filter.vhd Line: 59
    Info (12134): Parameter "LPM_WIDTHA" = "8"
    Info (12134): Parameter "LPM_WIDTHB" = "8"
    Info (12134): Parameter "LPM_WIDTHS" = "1"
    Info (12134): Parameter "LPM_WIDTHP" = "16"
    Info (12134): Parameter "LPM_REPRESENTATION" = "UNSIGNED"
    Info (12134): Parameter "LPM_PIPELINE" = "0"
    Info (12134): Parameter "LPM_TYPE" = "LPM_MULT"
    Info (12134): Parameter "LPM_HINT" = "UNUSED"
Info (12128): Elaborating entity "LPM_FF" for hierarchy "LPM_FF:fir_mult_xn_reg" File: C:/Users/alean/OneDrive/Documents/Projects/fir/fir_filter.vhd Line: 70
Info (12130): Elaborated megafunction instantiation "LPM_FF:fir_mult_xn_reg" File: C:/Users/alean/OneDrive/Documents/Projects/fir/fir_filter.vhd Line: 70
Info (12133): Instantiated megafunction "LPM_FF:fir_mult_xn_reg" with the following parameter: File: C:/Users/alean/OneDrive/Documents/Projects/fir/fir_filter.vhd Line: 70
    Info (12134): Parameter "LPM_WIDTH" = "16"
    Info (12134): Parameter "LPM_AVALUE" = "UNUSED"
    Info (12134): Parameter "LPM_SVALUE" = "UNUSED"
    Info (12134): Parameter "LPM_PVALUE" = "UNUSED"
    Info (12134): Parameter "LPM_FFTYPE" = "DFF"
    Info (12134): Parameter "LPM_TYPE" = "LPM_FF"
    Info (12134): Parameter "LPM_HINT" = "UNUSED"
Info (12128): Elaborating entity "LPM_ADD_SUB" for hierarchy "LPM_ADD_SUB:fir_adder_n32" File: C:/Users/alean/OneDrive/Documents/Projects/fir/fir_filter.vhd Line: 84
Info (12130): Elaborated megafunction instantiation "LPM_ADD_SUB:fir_adder_n32" File: C:/Users/alean/OneDrive/Documents/Projects/fir/fir_filter.vhd Line: 84
Info (12133): Instantiated megafunction "LPM_ADD_SUB:fir_adder_n32" with the following parameter: File: C:/Users/alean/OneDrive/Documents/Projects/fir/fir_filter.vhd Line: 84
    Info (12134): Parameter "LPM_WIDTH" = "16"
    Info (12134): Parameter "LPM_DIRECTION" = "UNUSED"
    Info (12134): Parameter "LPM_REPRESENTATION" = "SIGNED"
    Info (12134): Parameter "LPM_PIPELINE" = "0"
    Info (12134): Parameter "LPM_TYPE" = "LPM_ADD_SUB"
    Info (12134): Parameter "LPM_HINT" = "UNUSED"
Info (12021): Found 1 design units, including 1 entities, in source file db/add_sub_fje.tdf
    Info (12023): Found entity 1: add_sub_fje File: C:/Users/alean/OneDrive/Documents/Projects/fir/db/add_sub_fje.tdf Line: 23
Info (12128): Elaborating entity "add_sub_fje" for hierarchy "LPM_ADD_SUB:fir_adder_n32|add_sub_fje:auto_generated" File: c:/altera_lite/25.1std/quartus/libraries/megafunctions/lpm_add_sub.tdf Line: 119
Info (286030): Timing-Driven Synthesis is running
Info (16010): Generating hard_block partition "hard_block:auto_generated_inst"
    Info (16011): Adding 0 node(s), including 0 DDIO, 0 PLL, 0 transceiver and 0 LCELL
Info (21057): Implemented 174 device resources after synthesis - the final resource count might be different
    Info (21058): Implemented 10 input pins
    Info (21059): Implemented 16 output pins
    Info (21061): Implemented 144 logic cells
    Info (21062): Implemented 4 DSP elements
Info: Quartus Prime Analysis & Synthesis was successful. 0 errors, 1 warning
    Info: Peak virtual memory: 4936 megabytes
    Info: Processing ended: Fri Apr 17 10:59:22 2026
    Info: Elapsed time: 00:00:08
    Info: Total CPU time (on all processors): 00:00:16


