EDA Netlist Writer report for fir_filter
Fri Apr 17 10:59:43 2026
Quartus Prime Version 25.1std.0 Build 1129 10/21/2025 SC Lite Edition


---------------------
; Table of Contents ;
---------------------
  1. Legal Notice
  2. EDA Netlist Writer Summary
  3. Simulation Settings
  4. Simulation Generated Files
  5. EDA Netlist Writer Messages



----------------
; Legal Notice ;
----------------
Copyright (C) 2025  Altera Corporation. All rights reserved.
Your use of Altera Corporation's design tools, logic functions 
and other software and tools, and any partner logic 
functions, and any output files from any of the foregoing 
(including device programming or simulation files), and any 
associated documentation or information are expressly subject 
to the terms and conditions of the Altera Program License 
Subscription Agreement, the Altera Quartus Prime License Agreement,
the Altera IP License Agreement, or other applicable license
agreement, including, without limitation, that your use is for
the sole purpose of programming logic devices manufactured by
Altera and sold by Altera or its authorized distributors.  Please
refer to the Altera Software License Subscription Agreements 
on the Quartus Prime software download page.



+-------------------------------------------------------------------+
; EDA Netlist Writer Summary                                        ;
+---------------------------+---------------------------------------+
; EDA Netlist Writer Status ; Successful - Fri Apr 17 10:59:43 2026 ;
; Revision Name             ; fir_filter                            ;
; Top-level Entity Name     ; fir_filter                            ;
; Family                    ; Cyclone IV E                          ;
; Simulation Files Creation ; Successful                            ;
+---------------------------+---------------------------------------+


+-------------------------------------------------------------------------------------------------------------------------------+
; Simulation Settings                                                                                                           ;
+---------------------------------------------------------------------------------------------------+---------------------------+
; Option                                                                                            ; Setting                   ;
+---------------------------------------------------------------------------------------------------+---------------------------+
; Tool Name                                                                                         ; Questa Altera FPGA (VHDL) ;
; Generate functional simulation netlist                                                            ; Off                       ;
; Time scale                                                                                        ; 1 ps                      ;
; Truncate long hierarchy paths                                                                     ; Off                       ;
; Map illegal HDL characters                                                                        ; Off                       ;
; Flatten buses into individual nodes                                                               ; Off                       ;
; Maintain hierarchy                                                                                ; Off                       ;
; Bring out device-wide set/reset signals as ports                                                  ; Off                       ;
; Enable glitch filtering                                                                           ; Off                       ;
; Do not write top level VHDL entity                                                                ; Off                       ;
; Disable detection of setup and hold time violations in the input registers of bi-directional pins ; Off                       ;
; Architecture name in VHDL output netlist                                                          ; structure                 ;
; Generate third-party EDA tool command script for RTL functional simulation                        ; Off                       ;
; Generate third-party EDA tool command script for gate-level simulation                            ; Off                       ;
+---------------------------------------------------------------------------------------------------+---------------------------+


+--------------------------------------------------------------------------------------------------------+
; Simulation Generated Files                                                                             ;
+--------------------------------------------------------------------------------------------------------+
; Generated Files                                                                                        ;
+--------------------------------------------------------------------------------------------------------+
; C:/Users/alean/OneDrive/Documents/Projects/fir/simulation/questa/fir_filter_7_1200mv_85c_slow.vho      ;
; C:/Users/alean/OneDrive/Documents/Projects/fir/simulation/questa/fir_filter_7_1200mv_0c_slow.vho       ;
; C:/Users/alean/OneDrive/Documents/Projects/fir/simulation/questa/fir_filter_min_1200mv_0c_fast.vho     ;
; C:/Users/alean/OneDrive/Documents/Projects/fir/simulation/questa/fir_filter.vho                        ;
; C:/Users/alean/OneDrive/Documents/Projects/fir/simulation/questa/fir_filter_7_1200mv_85c_vhd_slow.sdo  ;
; C:/Users/alean/OneDrive/Documents/Projects/fir/simulation/questa/fir_filter_7_1200mv_0c_vhd_slow.sdo   ;
; C:/Users/alean/OneDrive/Documents/Projects/fir/simulation/questa/fir_filter_min_1200mv_0c_vhd_fast.sdo ;
; C:/Users/alean/OneDrive/Documents/Projects/fir/simulation/questa/fir_filter_vhd.sdo                    ;
+--------------------------------------------------------------------------------------------------------+


+-----------------------------+
; EDA Netlist Writer Messages ;
+-----------------------------+
Info: *******************************************************************
Info: Running Quartus Prime EDA Netlist Writer
    Info: Version 25.1std.0 Build 1129 10/21/2025 SC Lite Edition
    Info: Processing started: Fri Apr 17 10:59:42 2026
Info: Command: quartus_eda --read_settings_files=off --write_settings_files=off fir_filter -c fir_filter
Warning (18236): Number of processors has not been specified which may cause overloading on shared machines.  Set the global assignment NUM_PARALLEL_PROCESSORS in your QSF to an appropriate value for best performance.
Info (204019): Generated file fir_filter_7_1200mv_85c_slow.vho in folder "C:/Users/alean/OneDrive/Documents/Projects/fir/simulation/questa/" for EDA simulation tool
Info (204019): Generated file fir_filter_7_1200mv_0c_slow.vho in folder "C:/Users/alean/OneDrive/Documents/Projects/fir/simulation/questa/" for EDA simulation tool
Info (204019): Generated file fir_filter_min_1200mv_0c_fast.vho in folder "C:/Users/alean/OneDrive/Documents/Projects/fir/simulation/questa/" for EDA simulation tool
Info (204019): Generated file fir_filter.vho in folder "C:/Users/alean/OneDrive/Documents/Projects/fir/simulation/questa/" for EDA simulation tool
Info (204019): Generated file fir_filter_7_1200mv_85c_vhd_slow.sdo in folder "C:/Users/alean/OneDrive/Documents/Projects/fir/simulation/questa/" for EDA simulation tool
Info (204019): Generated file fir_filter_7_1200mv_0c_vhd_slow.sdo in folder "C:/Users/alean/OneDrive/Documents/Projects/fir/simulation/questa/" for EDA simulation tool
Info (204019): Generated file fir_filter_min_1200mv_0c_vhd_fast.sdo in folder "C:/Users/alean/OneDrive/Documents/Projects/fir/simulation/questa/" for EDA simulation tool
Info (204019): Generated file fir_filter_vhd.sdo in folder "C:/Users/alean/OneDrive/Documents/Projects/fir/simulation/questa/" for EDA simulation tool
Info: Quartus Prime EDA Netlist Writer was successful. 0 errors, 1 warning
    Info: Peak virtual memory: 4703 megabytes
    Info: Processing ended: Fri Apr 17 10:59:43 2026
    Info: Elapsed time: 00:00:01
    Info: Total CPU time (on all processors): 00:00:01


